2025-05-08T23:03:20.179-03:00  INFO 25516 --- [QuodChallenge] [main] b.c.f.Q.QuodChallengeApplication         : Starting QuodChallengeApplication using Java 21.0.5 with PID 25516 (C:\Users\prexe\IdeaProjects\QuodChallenge\target\classes started by prexe in C:\Users\prexe\IdeaProjects\QuodChallenge)
2025-05-08T23:03:20.187-03:00 DEBUG 25516 --- [QuodChallenge] [main] b.c.f.Q.QuodChallengeApplication         : Running with Spring Boot v3.4.4, Spring v6.2.5
2025-05-08T23:03:20.188-03:00  INFO 25516 --- [QuodChallenge] [main] b.c.f.Q.QuodChallengeApplication         : No active profile set, falling back to 1 default profile: "default"
2025-05-08T23:03:20.601-03:00  INFO 25516 --- [QuodChallenge] [main] .s.d.r.c.RepositoryConfigurationDelegate : Multiple Spring Data modules found, entering strict repository configuration mode
2025-05-08T23:03:20.602-03:00  INFO 25516 --- [QuodChallenge] [main] .s.d.r.c.RepositoryConfigurationDelegate : Bootstrapping Spring Data MongoDB repositories in DEFAULT mode.
2025-05-08T23:03:20.639-03:00  INFO 25516 --- [QuodChallenge] [main] .s.d.r.c.RepositoryConfigurationDelegate : Finished Spring Data repository scanning in 32 ms. Found 2 MongoDB repository interfaces.
2025-05-08T23:03:21.195-03:00  INFO 25516 --- [QuodChallenge] [main] o.s.b.w.embedded.tomcat.TomcatWebServer  : Tomcat initialized with port 8080 (http)
2025-05-08T23:03:21.207-03:00  INFO 25516 --- [QuodChallenge] [main] o.apache.catalina.core.StandardService   : Starting service [Tomcat]
2025-05-08T23:03:21.207-03:00  INFO 25516 --- [QuodChallenge] [main] o.apache.catalina.core.StandardEngine    : Starting Servlet engine: [Apache Tomcat/10.1.39]
2025-05-08T23:03:21.249-03:00  INFO 25516 --- [QuodChallenge] [main] o.a.c.c.C.[Tomcat].[localhost].[/]       : Initializing Spring embedded WebApplicationContext
2025-05-08T23:03:21.249-03:00  INFO 25516 --- [QuodChallenge] [main] w.s.c.ServletWebServerApplicationContext : Root WebApplicationContext: initialization completed in 1015 ms
2025-05-08T23:03:21.404-03:00  INFO 25516 --- [QuodChallenge] [main] org.mongodb.driver.client                : MongoClient with metadata {"driver": {"name": "mongo-java-driver|sync|spring-boot", "version": "5.2.1"}, "os": {"type": "Windows", "name": "Windows 11", "architecture": "amd64", "version": "10.0"}, "platform": "Java/Oracle Corporation/21.0.5+9-LTS-239"} created with settings MongoClientSettings{readPreference=primary, writeConcern=WriteConcern{w=null, wTimeout=null ms, journal=null}, retryWrites=true, retryReads=true, readConcern=ReadConcern{level=null}, credential=MongoCredential{mechanism=null, userName='admin', source='admin', password=<hidden>, mechanismProperties=<hidden>}, transportSettings=null, commandListeners=[], codecRegistry=ProvidersCodecRegistry{codecProviders=[ValueCodecProvider{}, BsonValueCodecProvider{}, DBRefCodecProvider{}, DBObjectCodecProvider{}, DocumentCodecProvider{}, CollectionCodecProvider{}, IterableCodecProvider{}, MapCodecProvider{}, GeoJsonCodecProvider{}, GridFSFileCodecProvider{}, Jsr310CodecProvider{}, JsonObjectCodecProvider{}, BsonCodecProvider{}, EnumCodecProvider{}, com.mongodb.client.model.mql.ExpressionCodecProvider@41ef1ea2, com.mongodb.Jep395RecordCodecProvider@5dfe23e8, com.mongodb.KotlinCodecProvider@583fb274]}, loggerSettings=LoggerSettings{maxDocumentLength=1000}, clusterSettings={hosts=[localhost:27017], srvServiceName=mongodb, mode=SINGLE, requiredClusterType=UNKNOWN, requiredReplicaSetName='null', serverSelector='null', clusterListeners='[]', serverSelectionTimeout='30000 ms', localThreshold='15 ms'}, socketSettings=SocketSettings{connectTimeoutMS=10000, readTimeoutMS=0, receiveBufferSize=0, proxySettings=ProxySettings{host=null, port=null, username=null, password=null}}, heartbeatSocketSettings=SocketSettings{connectTimeoutMS=10000, readTimeoutMS=10000, receiveBufferSize=0, proxySettings=ProxySettings{host=null, port=null, username=null, password=null}}, connectionPoolSettings=ConnectionPoolSettings{maxSize=100, minSize=0, maxWaitTimeMS=120000, maxConnectionLifeTimeMS=0, maxConnectionIdleTimeMS=0, maintenanceInitialDelayMS=0, maintenanceFrequencyMS=60000, connectionPoolListeners=[], maxConnecting=2}, serverSettings=ServerSettings{heartbeatFrequencyMS=10000, minHeartbeatFrequencyMS=500, serverMonitoringMode=AUTO, serverListeners='[]', serverMonitorListeners='[]'}, sslSettings=SslSettings{enabled=false, invalidHostNameAllowed=false, context=null}, applicationName='null', compressorList=[], uuidRepresentation=JAVA_LEGACY, serverApi=null, autoEncryptionSettings=null, dnsClient=null, inetAddressResolver=null, contextProvider=null, timeoutMS=null}
2025-05-08T23:03:21.437-03:00  INFO 25516 --- [QuodChallenge] [cluster-ClusterId{value='681d6269f3ae17749864b77e', description='null'}-localhost:27017] org.mongodb.driver.cluster               : Monitor thread successfully connected to server with description ServerDescription{address=localhost:27017, type=STANDALONE, cryptd=false, state=CONNECTED, ok=true, minWireVersion=0, maxWireVersion=25, maxDocumentSize=16777216, logicalSessionTimeoutMinutes=30, roundTripTimeNanos=25256100, minRoundTripTimeNanos=0}
2025-05-08T23:03:21.782-03:00  WARN 25516 --- [QuodChallenge] [main] .s.s.UserDetailsServiceAutoConfiguration : 

Using generated security password: 479cfb44-f91e-4111-8923-a3bc3fbac003

This generated password is for development use only. Your security configuration must be updated before running your application in production.

2025-05-08T23:03:21.799-03:00  INFO 25516 --- [QuodChallenge] [main] r$InitializeUserDetailsManagerConfigurer : Global AuthenticationManager configured with UserDetailsService bean with name inMemoryUserDetailsManager
2025-05-08T23:03:22.135-03:00  INFO 25516 --- [QuodChallenge] [main] o.s.b.w.embedded.tomcat.TomcatWebServer  : Tomcat started on port 8080 (http) with context path '/'
2025-05-08T23:03:22.142-03:00  INFO 25516 --- [QuodChallenge] [main] b.c.f.Q.QuodChallengeApplication         : Started QuodChallengeApplication in 2.326 seconds (process running for 2.581)
2025-05-08T23:03:26.931-03:00  INFO 25516 --- [QuodChallenge] [http-nio-8080-exec-2] o.a.c.c.C.[Tomcat].[localhost].[/]       : Initializing Spring DispatcherServlet 'dispatcherServlet'
2025-05-08T23:03:26.932-03:00  INFO 25516 --- [QuodChallenge] [http-nio-8080-exec-2] o.s.web.servlet.DispatcherServlet        : Initializing Servlet 'dispatcherServlet'
2025-05-08T23:03:26.933-03:00  INFO 25516 --- [QuodChallenge] [http-nio-8080-exec-2] o.s.web.servlet.DispatcherServlet        : Completed initialization in 1 ms
2025-05-08T23:03:27.011-03:00  WARN 25516 --- [QuodChallenge] [http-nio-8080-exec-2] .w.s.m.s.DefaultHandlerExceptionResolver : Resolved [org.springframework.web.HttpMediaTypeNotSupportedException: Content-Type 'application/octet-stream' is not supported]
2025-05-08T23:05:09.964-03:00  WARN 25516 --- [QuodChallenge] [http-nio-8080-exec-1] .w.s.m.s.DefaultHandlerExceptionResolver : Resolved [org.springframework.web.HttpMediaTypeNotSupportedException: Content-Type 'application/octet-stream' is not supported]
2025-05-08T23:05:18.901-03:00  WARN 25516 --- [QuodChallenge] [http-nio-8080-exec-3] .w.s.m.s.DefaultHandlerExceptionResolver : Resolved [org.springframework.web.HttpMediaTypeNotSupportedException: Content-Type 'application/octet-stream' is not supported]
2025-05-08T23:05:20.446-03:00  WARN 25516 --- [QuodChallenge] [http-nio-8080-exec-6] .w.s.m.s.DefaultHandlerExceptionResolver : Resolved [org.springframework.web.HttpMediaTypeNotSupportedException: Content-Type 'application/octet-stream' is not supported]
2025-05-08T23:05:29.466-03:00  WARN 25516 --- [QuodChallenge] [http-nio-8080-exec-5] .w.s.m.s.DefaultHandlerExceptionResolver : Resolved [org.springframework.web.HttpMediaTypeNotSupportedException: Content-Type 'application/octet-stream' is not supported]
2025-05-08T23:05:32.196-03:00  WARN 25516 --- [QuodChallenge] [http-nio-8080-exec-7] .w.s.m.s.DefaultHandlerExceptionResolver : Resolved [org.springframework.web.HttpMediaTypeNotAcceptableException: No acceptable representation]
2025-05-08T23:05:35.022-03:00  WARN 25516 --- [QuodChallenge] [http-nio-8080-exec-8] .w.s.m.s.DefaultHandlerExceptionResolver : Resolved [org.springframework.web.HttpMediaTypeNotAcceptableException: No acceptable representation]
2025-05-08T23:05:37.017-03:00  WARN 25516 --- [QuodChallenge] [http-nio-8080-exec-9] .w.s.m.s.DefaultHandlerExceptionResolver : Resolved [org.springframework.web.HttpMediaTypeNotSupportedException: Content-Type 'application/octet-stream' is not supported]
2025-05-08T23:05:39.269-03:00  WARN 25516 --- [QuodChallenge] [http-nio-8080-exec-10] .w.s.m.s.DefaultHandlerExceptionResolver : Resolved [org.springframework.web.HttpMediaTypeNotSupportedException: Content-Type 'application/octet-stream' is not supported]
2025-05-08T23:05:44.815-03:00  WARN 25516 --- [QuodChallenge] [http-nio-8080-exec-2] .w.s.m.s.DefaultHandlerExceptionResolver : Resolved [org.springframework.web.HttpMediaTypeNotSupportedException: Content-Type 'application/octet-stream' is not supported]
2025-05-08T23:06:33.639-03:00  WARN 25516 --- [QuodChallenge] [http-nio-8080-exec-4] .w.s.m.s.DefaultHandlerExceptionResolver : Resolved [org.springframework.web.HttpMediaTypeNotSupportedException: Content-Type 'application/octet-stream' is not supported]
2025-05-08T23:14:09.899-03:00  INFO 23244 --- [QuodChallenge] [main] b.c.f.Q.QuodChallengeApplication         : Starting QuodChallengeApplication using Java 21.0.5 with PID 23244 (C:\Users\prexe\IdeaProjects\QuodChallenge\target\classes started by prexe in C:\Users\prexe\IdeaProjects\QuodChallenge)
2025-05-08T23:14:09.905-03:00 DEBUG 23244 --- [QuodChallenge] [main] b.c.f.Q.QuodChallengeApplication         : Running with Spring Boot v3.4.4, Spring v6.2.5
2025-05-08T23:14:09.906-03:00  INFO 23244 --- [QuodChallenge] [main] b.c.f.Q.QuodChallengeApplication         : No active profile set, falling back to 1 default profile: "default"
2025-05-08T23:14:10.338-03:00  INFO 23244 --- [QuodChallenge] [main] .s.d.r.c.RepositoryConfigurationDelegate : Multiple Spring Data modules found, entering strict repository configuration mode
2025-05-08T23:14:10.339-03:00  INFO 23244 --- [QuodChallenge] [main] .s.d.r.c.RepositoryConfigurationDelegate : Bootstrapping Spring Data MongoDB repositories in DEFAULT mode.
2025-05-08T23:14:10.379-03:00  INFO 23244 --- [QuodChallenge] [main] .s.d.r.c.RepositoryConfigurationDelegate : Finished Spring Data repository scanning in 34 ms. Found 2 MongoDB repository interfaces.
2025-05-08T23:14:10.897-03:00  INFO 23244 --- [QuodChallenge] [main] o.s.b.w.embedded.tomcat.TomcatWebServer  : Tomcat initialized with port 8080 (http)
2025-05-08T23:14:10.907-03:00  INFO 23244 --- [QuodChallenge] [main] o.apache.catalina.core.StandardService   : Starting service [Tomcat]
2025-05-08T23:14:10.908-03:00  INFO 23244 --- [QuodChallenge] [main] o.apache.catalina.core.StandardEngine    : Starting Servlet engine: [Apache Tomcat/10.1.39]
2025-05-08T23:14:10.951-03:00  INFO 23244 --- [QuodChallenge] [main] o.a.c.c.C.[Tomcat].[localhost].[/]       : Initializing Spring embedded WebApplicationContext
2025-05-08T23:14:10.951-03:00  INFO 23244 --- [QuodChallenge] [main] w.s.c.ServletWebServerApplicationContext : Root WebApplicationContext: initialization completed in 1002 ms
2025-05-08T23:14:11.100-03:00  INFO 23244 --- [QuodChallenge] [main] org.mongodb.driver.client                : MongoClient with metadata {"driver": {"name": "mongo-java-driver|sync|spring-boot", "version": "5.2.1"}, "os": {"type": "Windows", "name": "Windows 11", "architecture": "amd64", "version": "10.0"}, "platform": "Java/Oracle Corporation/21.0.5+9-LTS-239"} created with settings MongoClientSettings{readPreference=primary, writeConcern=WriteConcern{w=null, wTimeout=null ms, journal=null}, retryWrites=true, retryReads=true, readConcern=ReadConcern{level=null}, credential=MongoCredential{mechanism=null, userName='admin', source='admin', password=<hidden>, mechanismProperties=<hidden>}, transportSettings=null, commandListeners=[], codecRegistry=ProvidersCodecRegistry{codecProviders=[ValueCodecProvider{}, BsonValueCodecProvider{}, DBRefCodecProvider{}, DBObjectCodecProvider{}, DocumentCodecProvider{}, CollectionCodecProvider{}, IterableCodecProvider{}, MapCodecProvider{}, GeoJsonCodecProvider{}, GridFSFileCodecProvider{}, Jsr310CodecProvider{}, JsonObjectCodecProvider{}, BsonCodecProvider{}, EnumCodecProvider{}, com.mongodb.client.model.mql.ExpressionCodecProvider@6707a4bf, com.mongodb.Jep395RecordCodecProvider@3fc7c734, com.mongodb.KotlinCodecProvider@f0a66bd]}, loggerSettings=LoggerSettings{maxDocumentLength=1000}, clusterSettings={hosts=[localhost:27017], srvServiceName=mongodb, mode=SINGLE, requiredClusterType=UNKNOWN, requiredReplicaSetName='null', serverSelector='null', clusterListeners='[]', serverSelectionTimeout='30000 ms', localThreshold='15 ms'}, socketSettings=SocketSettings{connectTimeoutMS=10000, readTimeoutMS=0, receiveBufferSize=0, proxySettings=ProxySettings{host=null, port=null, username=null, password=null}}, heartbeatSocketSettings=SocketSettings{connectTimeoutMS=10000, readTimeoutMS=10000, receiveBufferSize=0, proxySettings=ProxySettings{host=null, port=null, username=null, password=null}}, connectionPoolSettings=ConnectionPoolSettings{maxSize=100, minSize=0, maxWaitTimeMS=120000, maxConnectionLifeTimeMS=0, maxConnectionIdleTimeMS=0, maintenanceInitialDelayMS=0, maintenanceFrequencyMS=60000, connectionPoolListeners=[], maxConnecting=2}, serverSettings=ServerSettings{heartbeatFrequencyMS=10000, minHeartbeatFrequencyMS=500, serverMonitoringMode=AUTO, serverListeners='[]', serverMonitorListeners='[]'}, sslSettings=SslSettings{enabled=false, invalidHostNameAllowed=false, context=null}, applicationName='null', compressorList=[], uuidRepresentation=JAVA_LEGACY, serverApi=null, autoEncryptionSettings=null, dnsClient=null, inetAddressResolver=null, contextProvider=null, timeoutMS=null}
2025-05-08T23:14:11.129-03:00  INFO 23244 --- [QuodChallenge] [cluster-ClusterId{value='681d64f3eb60db77dae4a9f3', description='null'}-localhost:27017] org.mongodb.driver.cluster               : Monitor thread successfully connected to server with description ServerDescription{address=localhost:27017, type=STANDALONE, cryptd=false, state=CONNECTED, ok=true, minWireVersion=0, maxWireVersion=25, maxDocumentSize=16777216, logicalSessionTimeoutMinutes=30, roundTripTimeNanos=20855000, minRoundTripTimeNanos=0}
2025-05-08T23:14:11.429-03:00  WARN 23244 --- [QuodChallenge] [main] .s.s.UserDetailsServiceAutoConfiguration : 

Using generated security password: 1785d61b-0fe2-45ae-a867-fbf73e335310

This generated password is for development use only. Your security configuration must be updated before running your application in production.

2025-05-08T23:14:11.451-03:00  INFO 23244 --- [QuodChallenge] [main] r$InitializeUserDetailsManagerConfigurer : Global AuthenticationManager configured with UserDetailsService bean with name inMemoryUserDetailsManager
2025-05-08T23:14:11.767-03:00  INFO 23244 --- [QuodChallenge] [main] o.s.b.w.embedded.tomcat.TomcatWebServer  : Tomcat started on port 8080 (http) with context path '/'
2025-05-08T23:14:11.774-03:00  INFO 23244 --- [QuodChallenge] [main] b.c.f.Q.QuodChallengeApplication         : Started QuodChallengeApplication in 2.234 seconds (process running for 2.481)
2025-05-08T23:14:32.635-03:00  INFO 23244 --- [QuodChallenge] [http-nio-8080-exec-1] o.a.c.c.C.[Tomcat].[localhost].[/]       : Initializing Spring DispatcherServlet 'dispatcherServlet'
2025-05-08T23:14:32.636-03:00  INFO 23244 --- [QuodChallenge] [http-nio-8080-exec-1] o.s.web.servlet.DispatcherServlet        : Initializing Servlet 'dispatcherServlet'
2025-05-08T23:14:32.637-03:00  INFO 23244 --- [QuodChallenge] [http-nio-8080-exec-1] o.s.web.servlet.DispatcherServlet        : Completed initialization in 1 ms
2025-05-08T23:16:06.576-03:00  INFO 17176 --- [QuodChallenge] [main] b.c.f.Q.QuodChallengeApplication         : Starting QuodChallengeApplication using Java 21.0.5 with PID 17176 (C:\Users\prexe\IdeaProjects\QuodChallenge\target\classes started by prexe in C:\Users\prexe\IdeaProjects\QuodChallenge)
2025-05-08T23:16:06.583-03:00 DEBUG 17176 --- [QuodChallenge] [main] b.c.f.Q.QuodChallengeApplication         : Running with Spring Boot v3.4.4, Spring v6.2.5
2025-05-08T23:16:06.584-03:00  INFO 17176 --- [QuodChallenge] [main] b.c.f.Q.QuodChallengeApplication         : No active profile set, falling back to 1 default profile: "default"
2025-05-08T23:16:07.032-03:00  INFO 17176 --- [QuodChallenge] [main] .s.d.r.c.RepositoryConfigurationDelegate : Multiple Spring Data modules found, entering strict repository configuration mode
2025-05-08T23:16:07.033-03:00  INFO 17176 --- [QuodChallenge] [main] .s.d.r.c.RepositoryConfigurationDelegate : Bootstrapping Spring Data MongoDB repositories in DEFAULT mode.
2025-05-08T23:16:07.071-03:00  INFO 17176 --- [QuodChallenge] [main] .s.d.r.c.RepositoryConfigurationDelegate : Finished Spring Data repository scanning in 33 ms. Found 2 MongoDB repository interfaces.
2025-05-08T23:16:07.606-03:00  INFO 17176 --- [QuodChallenge] [main] o.s.b.w.embedded.tomcat.TomcatWebServer  : Tomcat initialized with port 8080 (http)
2025-05-08T23:16:07.620-03:00  INFO 17176 --- [QuodChallenge] [main] o.apache.catalina.core.StandardService   : Starting service [Tomcat]
2025-05-08T23:16:07.620-03:00  INFO 17176 --- [QuodChallenge] [main] o.apache.catalina.core.StandardEngine    : Starting Servlet engine: [Apache Tomcat/10.1.39]
2025-05-08T23:16:07.666-03:00  INFO 17176 --- [QuodChallenge] [main] o.a.c.c.C.[Tomcat].[localhost].[/]       : Initializing Spring embedded WebApplicationContext
2025-05-08T23:16:07.666-03:00  INFO 17176 --- [QuodChallenge] [main] w.s.c.ServletWebServerApplicationContext : Root WebApplicationContext: initialization completed in 1035 ms
2025-05-08T23:16:07.709-03:00  WARN 17176 --- [QuodChallenge] [main] ConfigServletWebServerApplicationContext : Exception encountered during context initialization - cancelling refresh attempt: org.springframework.beans.factory.BeanCreationException: Error creating bean with name 'helloController': Lookup method resolution failed
2025-05-08T23:16:07.712-03:00  INFO 17176 --- [QuodChallenge] [main] o.apache.catalina.core.StandardService   : Stopping service [Tomcat]
2025-05-08T23:16:07.722-03:00  INFO 17176 --- [QuodChallenge] [main] .s.b.a.l.ConditionEvaluationReportLogger : 

Error starting ApplicationContext. To display the condition evaluation report re-run your application with 'debug' enabled.
2025-05-08T23:16:07.737-03:00 ERROR 17176 --- [QuodChallenge] [main] o.s.boot.SpringApplication               : Application run failed

org.springframework.beans.factory.BeanCreationException: Error creating bean with name 'helloController': Lookup method resolution failed
	at org.springframework.beans.factory.annotation.AutowiredAnnotationBeanPostProcessor.checkLookupMethods(AutowiredAnnotationBeanPostProcessor.java:498) ~[spring-beans-6.2.5.jar:6.2.5]
	at org.springframework.beans.factory.annotation.AutowiredAnnotationBeanPostProcessor.determineCandidateConstructors(AutowiredAnnotationBeanPostProcessor.java:368) ~[spring-beans-6.2.5.jar:6.2.5]
	at org.springframework.beans.factory.support.AbstractAutowireCapableBeanFactory.determineConstructorsFromBeanPostProcessors(AbstractAutowireCapableBeanFactory.java:1320) ~[spring-beans-6.2.5.jar:6.2.5]
	at org.springframework.beans.factory.support.AbstractAutowireCapableBeanFactory.createBeanInstance(AbstractAutowireCapableBeanFactory.java:1215) ~[spring-beans-6.2.5.jar:6.2.5]
	at org.springframework.beans.factory.support.AbstractAutowireCapableBeanFactory.doCreateBean(AbstractAutowireCapableBeanFactory.java:563) ~[spring-beans-6.2.5.jar:6.2.5]
	at org.springframework.beans.factory.support.AbstractAutowireCapableBeanFactory.createBean(AbstractAutowireCapableBeanFactory.java:523) ~[spring-beans-6.2.5.jar:6.2.5]
	at org.springframework.beans.factory.support.AbstractBeanFactory.lambda$doGetBean$0(AbstractBeanFactory.java:339) ~[spring-beans-6.2.5.jar:6.2.5]
	at org.springframework.beans.factory.support.DefaultSingletonBeanRegistry.getSingleton(DefaultSingletonBeanRegistry.java:347) ~[spring-beans-6.2.5.jar:6.2.5]
	at org.springframework.beans.factory.support.AbstractBeanFactory.doGetBean(AbstractBeanFactory.java:337) ~[spring-beans-6.2.5.jar:6.2.5]
	at org.springframework.beans.factory.support.AbstractBeanFactory.getBean(AbstractBeanFactory.java:202) ~[spring-beans-6.2.5.jar:6.2.5]
	at org.springframework.beans.factory.support.DefaultListableBeanFactory.instantiateSingleton(DefaultListableBeanFactory.java:1155) ~[spring-beans-6.2.5.jar:6.2.5]
	at org.springframework.beans.factory.support.DefaultListableBeanFactory.preInstantiateSingleton(DefaultListableBeanFactory.java:1121) ~[spring-beans-6.2.5.jar:6.2.5]
	at org.springframework.beans.factory.support.DefaultListableBeanFactory.preInstantiateSingletons(DefaultListableBeanFactory.java:1056) ~[spring-beans-6.2.5.jar:6.2.5]
	at org.springframework.context.support.AbstractApplicationContext.finishBeanFactoryInitialization(AbstractApplicationContext.java:987) ~[spring-context-6.2.5.jar:6.2.5]
	at org.springframework.context.support.AbstractApplicationContext.refresh(AbstractApplicationContext.java:627) ~[spring-context-6.2.5.jar:6.2.5]
	at org.springframework.boot.web.servlet.context.ServletWebServerApplicationContext.refresh(ServletWebServerApplicationContext.java:146) ~[spring-boot-3.4.4.jar:3.4.4]
	at org.springframework.boot.SpringApplication.refresh(SpringApplication.java:752) ~[spring-boot-3.4.4.jar:3.4.4]
	at org.springframework.boot.SpringApplication.refreshContext(SpringApplication.java:439) ~[spring-boot-3.4.4.jar:3.4.4]
	at org.springframework.boot.SpringApplication.run(SpringApplication.java:318) ~[spring-boot-3.4.4.jar:3.4.4]
	at org.springframework.boot.SpringApplication.run(SpringApplication.java:1361) ~[spring-boot-3.4.4.jar:3.4.4]
	at org.springframework.boot.SpringApplication.run(SpringApplication.java:1350) ~[spring-boot-3.4.4.jar:3.4.4]
	at br.com.fiap.QuodChallenge.QuodChallengeApplication.main(QuodChallengeApplication.java:18) ~[classes/:na]
Caused by: java.lang.IllegalStateException: Failed to introspect Class [br.com.fiap.QuodChallenge.controller.HelloController] from ClassLoader [jdk.internal.loader.ClassLoaders$AppClassLoader@33909752]
	at org.springframework.util.ReflectionUtils.getDeclaredMethods(ReflectionUtils.java:483) ~[spring-core-6.2.5.jar:6.2.5]
	at org.springframework.util.ReflectionUtils.doWithLocalMethods(ReflectionUtils.java:320) ~[spring-core-6.2.5.jar:6.2.5]
	at org.springframework.beans.factory.annotation.AutowiredAnnotationBeanPostProcessor.checkLookupMethods(AutowiredAnnotationBeanPostProcessor.java:476) ~[spring-beans-6.2.5.jar:6.2.5]
	... 21 common frames omitted
Caused by: java.lang.NoClassDefFoundError: ResponseEntity
	at java.base/java.lang.Class.getDeclaredMethods0(Native Method) ~[na:na]
	at java.base/java.lang.Class.privateGetDeclaredMethods(Class.java:3578) ~[na:na]
	at java.base/java.lang.Class.getDeclaredMethods(Class.java:2676) ~[na:na]
	at org.springframework.util.ReflectionUtils.getDeclaredMethods(ReflectionUtils.java:465) ~[spring-core-6.2.5.jar:6.2.5]
	... 23 common frames omitted
Caused by: java.lang.ClassNotFoundException: ResponseEntity
	at java.base/jdk.internal.loader.BuiltinClassLoader.loadClass(BuiltinClassLoader.java:641) ~[na:na]
	at java.base/jdk.internal.loader.ClassLoaders$AppClassLoader.loadClass(ClassLoaders.java:188) ~[na:na]
	at java.base/java.lang.ClassLoader.loadClass(ClassLoader.java:526) ~[na:na]
	... 27 common frames omitted

2025-05-08T23:16:52.496-03:00  INFO 8660 --- [QuodChallenge] [main] b.c.f.Q.QuodChallengeApplication         : Starting QuodChallengeApplication using Java 21.0.5 with PID 8660 (C:\Users\prexe\IdeaProjects\QuodChallenge\target\classes started by prexe in C:\Users\prexe\IdeaProjects\QuodChallenge)
2025-05-08T23:16:52.503-03:00 DEBUG 8660 --- [QuodChallenge] [main] b.c.f.Q.QuodChallengeApplication         : Running with Spring Boot v3.4.4, Spring v6.2.5
2025-05-08T23:16:52.504-03:00  INFO 8660 --- [QuodChallenge] [main] b.c.f.Q.QuodChallengeApplication         : No active profile set, falling back to 1 default profile: "default"
2025-05-08T23:16:52.917-03:00  INFO 8660 --- [QuodChallenge] [main] .s.d.r.c.RepositoryConfigurationDelegate : Multiple Spring Data modules found, entering strict repository configuration mode
2025-05-08T23:16:52.918-03:00  INFO 8660 --- [QuodChallenge] [main] .s.d.r.c.RepositoryConfigurationDelegate : Bootstrapping Spring Data MongoDB repositories in DEFAULT mode.
2025-05-08T23:16:52.971-03:00  INFO 8660 --- [QuodChallenge] [main] .s.d.r.c.RepositoryConfigurationDelegate : Finished Spring Data repository scanning in 47 ms. Found 2 MongoDB repository interfaces.
2025-05-08T23:16:53.493-03:00  INFO 8660 --- [QuodChallenge] [main] o.s.b.w.embedded.tomcat.TomcatWebServer  : Tomcat initialized with port 8080 (http)
2025-05-08T23:16:53.505-03:00  INFO 8660 --- [QuodChallenge] [main] o.apache.catalina.core.StandardService   : Starting service [Tomcat]
2025-05-08T23:16:53.506-03:00  INFO 8660 --- [QuodChallenge] [main] o.apache.catalina.core.StandardEngine    : Starting Servlet engine: [Apache Tomcat/10.1.39]
2025-05-08T23:16:53.548-03:00  INFO 8660 --- [QuodChallenge] [main] o.a.c.c.C.[Tomcat].[localhost].[/]       : Initializing Spring embedded WebApplicationContext
2025-05-08T23:16:53.549-03:00  INFO 8660 --- [QuodChallenge] [main] w.s.c.ServletWebServerApplicationContext : Root WebApplicationContext: initialization completed in 1000 ms
2025-05-08T23:16:53.588-03:00  WARN 8660 --- [QuodChallenge] [main] ConfigServletWebServerApplicationContext : Exception encountered during context initialization - cancelling refresh attempt: org.springframework.beans.factory.BeanCreationException: Error creating bean with name 'helloController': Lookup method resolution failed
2025-05-08T23:16:53.591-03:00  INFO 8660 --- [QuodChallenge] [main] o.apache.catalina.core.StandardService   : Stopping service [Tomcat]
2025-05-08T23:16:53.600-03:00  INFO 8660 --- [QuodChallenge] [main] .s.b.a.l.ConditionEvaluationReportLogger : 

Error starting ApplicationContext. To display the condition evaluation report re-run your application with 'debug' enabled.
2025-05-08T23:16:53.615-03:00 ERROR 8660 --- [QuodChallenge] [main] o.s.boot.SpringApplication               : Application run failed

org.springframework.beans.factory.BeanCreationException: Error creating bean with name 'helloController': Lookup method resolution failed
	at org.springframework.beans.factory.annotation.AutowiredAnnotationBeanPostProcessor.checkLookupMethods(AutowiredAnnotationBeanPostProcessor.java:498) ~[spring-beans-6.2.5.jar:6.2.5]
	at org.springframework.beans.factory.annotation.AutowiredAnnotationBeanPostProcessor.determineCandidateConstructors(AutowiredAnnotationBeanPostProcessor.java:368) ~[spring-beans-6.2.5.jar:6.2.5]
	at org.springframework.beans.factory.support.AbstractAutowireCapableBeanFactory.determineConstructorsFromBeanPostProcessors(AbstractAutowireCapableBeanFactory.java:1320) ~[spring-beans-6.2.5.jar:6.2.5]
	at org.springframework.beans.factory.support.AbstractAutowireCapableBeanFactory.createBeanInstance(AbstractAutowireCapableBeanFactory.java:1215) ~[spring-beans-6.2.5.jar:6.2.5]
	at org.springframework.beans.factory.support.AbstractAutowireCapableBeanFactory.doCreateBean(AbstractAutowireCapableBeanFactory.java:563) ~[spring-beans-6.2.5.jar:6.2.5]
	at org.springframework.beans.factory.support.AbstractAutowireCapableBeanFactory.createBean(AbstractAutowireCapableBeanFactory.java:523) ~[spring-beans-6.2.5.jar:6.2.5]
	at org.springframework.beans.factory.support.AbstractBeanFactory.lambda$doGetBean$0(AbstractBeanFactory.java:339) ~[spring-beans-6.2.5.jar:6.2.5]
	at org.springframework.beans.factory.support.DefaultSingletonBeanRegistry.getSingleton(DefaultSingletonBeanRegistry.java:347) ~[spring-beans-6.2.5.jar:6.2.5]
	at org.springframework.beans.factory.support.AbstractBeanFactory.doGetBean(AbstractBeanFactory.java:337) ~[spring-beans-6.2.5.jar:6.2.5]
	at org.springframework.beans.factory.support.AbstractBeanFactory.getBean(AbstractBeanFactory.java:202) ~[spring-beans-6.2.5.jar:6.2.5]
	at org.springframework.beans.factory.support.DefaultListableBeanFactory.instantiateSingleton(DefaultListableBeanFactory.java:1155) ~[spring-beans-6.2.5.jar:6.2.5]
	at org.springframework.beans.factory.support.DefaultListableBeanFactory.preInstantiateSingleton(DefaultListableBeanFactory.java:1121) ~[spring-beans-6.2.5.jar:6.2.5]
	at org.springframework.beans.factory.support.DefaultListableBeanFactory.preInstantiateSingletons(DefaultListableBeanFactory.java:1056) ~[spring-beans-6.2.5.jar:6.2.5]
	at org.springframework.context.support.AbstractApplicationContext.finishBeanFactoryInitialization(AbstractApplicationContext.java:987) ~[spring-context-6.2.5.jar:6.2.5]
	at org.springframework.context.support.AbstractApplicationContext.refresh(AbstractApplicationContext.java:627) ~[spring-context-6.2.5.jar:6.2.5]
	at org.springframework.boot.web.servlet.context.ServletWebServerApplicationContext.refresh(ServletWebServerApplicationContext.java:146) ~[spring-boot-3.4.4.jar:3.4.4]
	at org.springframework.boot.SpringApplication.refresh(SpringApplication.java:752) ~[spring-boot-3.4.4.jar:3.4.4]
	at org.springframework.boot.SpringApplication.refreshContext(SpringApplication.java:439) ~[spring-boot-3.4.4.jar:3.4.4]
	at org.springframework.boot.SpringApplication.run(SpringApplication.java:318) ~[spring-boot-3.4.4.jar:3.4.4]
	at org.springframework.boot.SpringApplication.run(SpringApplication.java:1361) ~[spring-boot-3.4.4.jar:3.4.4]
	at org.springframework.boot.SpringApplication.run(SpringApplication.java:1350) ~[spring-boot-3.4.4.jar:3.4.4]
	at br.com.fiap.QuodChallenge.QuodChallengeApplication.main(QuodChallengeApplication.java:18) ~[classes/:na]
Caused by: java.lang.IllegalStateException: Failed to introspect Class [br.com.fiap.QuodChallenge.controller.HelloController] from ClassLoader [jdk.internal.loader.ClassLoaders$AppClassLoader@33909752]
	at org.springframework.util.ReflectionUtils.getDeclaredMethods(ReflectionUtils.java:483) ~[spring-core-6.2.5.jar:6.2.5]
	at org.springframework.util.ReflectionUtils.doWithLocalMethods(ReflectionUtils.java:320) ~[spring-core-6.2.5.jar:6.2.5]
	at org.springframework.beans.factory.annotation.AutowiredAnnotationBeanPostProcessor.checkLookupMethods(AutowiredAnnotationBeanPostProcessor.java:476) ~[spring-beans-6.2.5.jar:6.2.5]
	... 21 common frames omitted
Caused by: java.lang.NoClassDefFoundError: ResponseEntity
	at java.base/java.lang.Class.getDeclaredMethods0(Native Method) ~[na:na]
	at java.base/java.lang.Class.privateGetDeclaredMethods(Class.java:3578) ~[na:na]
	at java.base/java.lang.Class.getDeclaredMethods(Class.java:2676) ~[na:na]
	at org.springframework.util.ReflectionUtils.getDeclaredMethods(ReflectionUtils.java:465) ~[spring-core-6.2.5.jar:6.2.5]
	... 23 common frames omitted
Caused by: java.lang.ClassNotFoundException: ResponseEntity
	at java.base/jdk.internal.loader.BuiltinClassLoader.loadClass(BuiltinClassLoader.java:641) ~[na:na]
	at java.base/jdk.internal.loader.ClassLoaders$AppClassLoader.loadClass(ClassLoaders.java:188) ~[na:na]
	at java.base/java.lang.ClassLoader.loadClass(ClassLoader.java:526) ~[na:na]
	... 27 common frames omitted

2025-05-08T23:17:48.732-03:00  INFO 25288 --- [QuodChallenge] [main] b.c.f.Q.QuodChallengeApplication         : Starting QuodChallengeApplication using Java 21.0.5 with PID 25288 (C:\Users\prexe\IdeaProjects\QuodChallenge\target\classes started by prexe in C:\Users\prexe\IdeaProjects\QuodChallenge)
2025-05-08T23:17:48.739-03:00 DEBUG 25288 --- [QuodChallenge] [main] b.c.f.Q.QuodChallengeApplication         : Running with Spring Boot v3.4.4, Spring v6.2.5
2025-05-08T23:17:48.740-03:00  INFO 25288 --- [QuodChallenge] [main] b.c.f.Q.QuodChallengeApplication         : No active profile set, falling back to 1 default profile: "default"
2025-05-08T23:17:49.145-03:00  INFO 25288 --- [QuodChallenge] [main] .s.d.r.c.RepositoryConfigurationDelegate : Multiple Spring Data modules found, entering strict repository configuration mode
2025-05-08T23:17:49.146-03:00  INFO 25288 --- [QuodChallenge] [main] .s.d.r.c.RepositoryConfigurationDelegate : Bootstrapping Spring Data MongoDB repositories in DEFAULT mode.
2025-05-08T23:17:49.187-03:00  INFO 25288 --- [QuodChallenge] [main] .s.d.r.c.RepositoryConfigurationDelegate : Finished Spring Data repository scanning in 35 ms. Found 2 MongoDB repository interfaces.
2025-05-08T23:17:49.704-03:00  INFO 25288 --- [QuodChallenge] [main] o.s.b.w.embedded.tomcat.TomcatWebServer  : Tomcat initialized with port 8080 (http)
2025-05-08T23:17:49.715-03:00  INFO 25288 --- [QuodChallenge] [main] o.apache.catalina.core.StandardService   : Starting service [Tomcat]
2025-05-08T23:17:49.715-03:00  INFO 25288 --- [QuodChallenge] [main] o.apache.catalina.core.StandardEngine    : Starting Servlet engine: [Apache Tomcat/10.1.39]
2025-05-08T23:17:49.764-03:00  INFO 25288 --- [QuodChallenge] [main] o.a.c.c.C.[Tomcat].[localhost].[/]       : Initializing Spring embedded WebApplicationContext
2025-05-08T23:17:49.765-03:00  INFO 25288 --- [QuodChallenge] [main] w.s.c.ServletWebServerApplicationContext : Root WebApplicationContext: initialization completed in 977 ms
2025-05-08T23:17:49.825-03:00  WARN 25288 --- [QuodChallenge] [main] ConfigServletWebServerApplicationContext : Exception encountered during context initialization - cancelling refresh attempt: org.springframework.beans.factory.BeanCreationException: Error creating bean with name 'helloController' defined in file [C:\Users\prexe\IdeaProjects\QuodChallenge\target\classes\br\com\fiap\QuodChallenge\controller\HelloController.class]: Failed to instantiate [br.com.fiap.QuodChallenge.controller.HelloController]: Constructor threw exception
2025-05-08T23:17:49.828-03:00  INFO 25288 --- [QuodChallenge] [main] o.apache.catalina.core.StandardService   : Stopping service [Tomcat]
2025-05-08T23:17:49.838-03:00  INFO 25288 --- [QuodChallenge] [main] .s.b.a.l.ConditionEvaluationReportLogger : 

Error starting ApplicationContext. To display the condition evaluation report re-run your application with 'debug' enabled.
2025-05-08T23:17:49.858-03:00 ERROR 25288 --- [QuodChallenge] [main] o.s.boot.SpringApplication               : Application run failed

org.springframework.beans.factory.BeanCreationException: Error creating bean with name 'helloController' defined in file [C:\Users\prexe\IdeaProjects\QuodChallenge\target\classes\br\com\fiap\QuodChallenge\controller\HelloController.class]: Failed to instantiate [br.com.fiap.QuodChallenge.controller.HelloController]: Constructor threw exception
	at org.springframework.beans.factory.support.AbstractAutowireCapableBeanFactory.instantiateBean(AbstractAutowireCapableBeanFactory.java:1343) ~[spring-beans-6.2.5.jar:6.2.5]
	at org.springframework.beans.factory.support.AbstractAutowireCapableBeanFactory.createBeanInstance(AbstractAutowireCapableBeanFactory.java:1228) ~[spring-beans-6.2.5.jar:6.2.5]
	at org.springframework.beans.factory.support.AbstractAutowireCapableBeanFactory.doCreateBean(AbstractAutowireCapableBeanFactory.java:563) ~[spring-beans-6.2.5.jar:6.2.5]
	at org.springframework.beans.factory.support.AbstractAutowireCapableBeanFactory.createBean(AbstractAutowireCapableBeanFactory.java:523) ~[spring-beans-6.2.5.jar:6.2.5]
	at org.springframework.beans.factory.support.AbstractBeanFactory.lambda$doGetBean$0(AbstractBeanFactory.java:339) ~[spring-beans-6.2.5.jar:6.2.5]
	at org.springframework.beans.factory.support.DefaultSingletonBeanRegistry.getSingleton(DefaultSingletonBeanRegistry.java:347) ~[spring-beans-6.2.5.jar:6.2.5]
	at org.springframework.beans.factory.support.AbstractBeanFactory.doGetBean(AbstractBeanFactory.java:337) ~[spring-beans-6.2.5.jar:6.2.5]
	at org.springframework.beans.factory.support.AbstractBeanFactory.getBean(AbstractBeanFactory.java:202) ~[spring-beans-6.2.5.jar:6.2.5]
	at org.springframework.beans.factory.support.DefaultListableBeanFactory.instantiateSingleton(DefaultListableBeanFactory.java:1155) ~[spring-beans-6.2.5.jar:6.2.5]
	at org.springframework.beans.factory.support.DefaultListableBeanFactory.preInstantiateSingleton(DefaultListableBeanFactory.java:1121) ~[spring-beans-6.2.5.jar:6.2.5]
	at org.springframework.beans.factory.support.DefaultListableBeanFactory.preInstantiateSingletons(DefaultListableBeanFactory.java:1056) ~[spring-beans-6.2.5.jar:6.2.5]
	at org.springframework.context.support.AbstractApplicationContext.finishBeanFactoryInitialization(AbstractApplicationContext.java:987) ~[spring-context-6.2.5.jar:6.2.5]
	at org.springframework.context.support.AbstractApplicationContext.refresh(AbstractApplicationContext.java:627) ~[spring-context-6.2.5.jar:6.2.5]
	at org.springframework.boot.web.servlet.context.ServletWebServerApplicationContext.refresh(ServletWebServerApplicationContext.java:146) ~[spring-boot-3.4.4.jar:3.4.4]
	at org.springframework.boot.SpringApplication.refresh(SpringApplication.java:752) ~[spring-boot-3.4.4.jar:3.4.4]
	at org.springframework.boot.SpringApplication.refreshContext(SpringApplication.java:439) ~[spring-boot-3.4.4.jar:3.4.4]
	at org.springframework.boot.SpringApplication.run(SpringApplication.java:318) ~[spring-boot-3.4.4.jar:3.4.4]
	at org.springframework.boot.SpringApplication.run(SpringApplication.java:1361) ~[spring-boot-3.4.4.jar:3.4.4]
	at org.springframework.boot.SpringApplication.run(SpringApplication.java:1350) ~[spring-boot-3.4.4.jar:3.4.4]
	at br.com.fiap.QuodChallenge.QuodChallengeApplication.main(QuodChallengeApplication.java:18) ~[classes/:na]
Caused by: org.springframework.beans.BeanInstantiationException: Failed to instantiate [br.com.fiap.QuodChallenge.controller.HelloController]: Constructor threw exception
	at org.springframework.beans.BeanUtils.instantiateClass(BeanUtils.java:222) ~[spring-beans-6.2.5.jar:6.2.5]
	at org.springframework.beans.factory.support.SimpleInstantiationStrategy.instantiate(SimpleInstantiationStrategy.java:122) ~[spring-beans-6.2.5.jar:6.2.5]
	at org.springframework.beans.factory.support.AbstractAutowireCapableBeanFactory.instantiateBean(AbstractAutowireCapableBeanFactory.java:1337) ~[spring-beans-6.2.5.jar:6.2.5]
	... 19 common frames omitted
Caused by: java.lang.Error: Unresolved compilation problem: 
	Autowired cannot be resolved to a type

	at br.com.fiap.QuodChallenge.controller.HelloController.<init>(HelloController.java:18) ~[classes/:na]
	at java.base/jdk.internal.reflect.DirectConstructorHandleAccessor.newInstance(DirectConstructorHandleAccessor.java:62) ~[na:na]
	at java.base/java.lang.reflect.Constructor.newInstanceWithCaller(Constructor.java:502) ~[na:na]
	at java.base/java.lang.reflect.Constructor.newInstance(Constructor.java:486) ~[na:na]
	at org.springframework.beans.BeanUtils.instantiateClass(BeanUtils.java:196) ~[spring-beans-6.2.5.jar:6.2.5]
	... 21 common frames omitted

2025-05-08T23:18:38.680-03:00  INFO 23064 --- [QuodChallenge] [main] b.c.f.Q.QuodChallengeApplication         : Starting QuodChallengeApplication using Java 21.0.5 with PID 23064 (C:\Users\prexe\IdeaProjects\QuodChallenge\target\classes started by prexe in C:\Users\prexe\IdeaProjects\QuodChallenge)
2025-05-08T23:18:38.687-03:00 DEBUG 23064 --- [QuodChallenge] [main] b.c.f.Q.QuodChallengeApplication         : Running with Spring Boot v3.4.4, Spring v6.2.5
2025-05-08T23:18:38.688-03:00  INFO 23064 --- [QuodChallenge] [main] b.c.f.Q.QuodChallengeApplication         : No active profile set, falling back to 1 default profile: "default"
2025-05-08T23:18:39.081-03:00  INFO 23064 --- [QuodChallenge] [main] .s.d.r.c.RepositoryConfigurationDelegate : Multiple Spring Data modules found, entering strict repository configuration mode
2025-05-08T23:18:39.082-03:00  INFO 23064 --- [QuodChallenge] [main] .s.d.r.c.RepositoryConfigurationDelegate : Bootstrapping Spring Data MongoDB repositories in DEFAULT mode.
2025-05-08T23:18:39.121-03:00  INFO 23064 --- [QuodChallenge] [main] .s.d.r.c.RepositoryConfigurationDelegate : Finished Spring Data repository scanning in 33 ms. Found 2 MongoDB repository interfaces.
2025-05-08T23:18:39.639-03:00  INFO 23064 --- [QuodChallenge] [main] o.s.b.w.embedded.tomcat.TomcatWebServer  : Tomcat initialized with port 8080 (http)
2025-05-08T23:18:39.650-03:00  INFO 23064 --- [QuodChallenge] [main] o.apache.catalina.core.StandardService   : Starting service [Tomcat]
2025-05-08T23:18:39.650-03:00  INFO 23064 --- [QuodChallenge] [main] o.apache.catalina.core.StandardEngine    : Starting Servlet engine: [Apache Tomcat/10.1.39]
2025-05-08T23:18:39.695-03:00  INFO 23064 --- [QuodChallenge] [main] o.a.c.c.C.[Tomcat].[localhost].[/]       : Initializing Spring embedded WebApplicationContext
2025-05-08T23:18:39.695-03:00  INFO 23064 --- [QuodChallenge] [main] w.s.c.ServletWebServerApplicationContext : Root WebApplicationContext: initialization completed in 966 ms
2025-05-08T23:18:39.844-03:00  INFO 23064 --- [QuodChallenge] [main] org.mongodb.driver.client                : MongoClient with metadata {"driver": {"name": "mongo-java-driver|sync|spring-boot", "version": "5.2.1"}, "os": {"type": "Windows", "name": "Windows 11", "architecture": "amd64", "version": "10.0"}, "platform": "Java/Oracle Corporation/21.0.5+9-LTS-239"} created with settings MongoClientSettings{readPreference=primary, writeConcern=WriteConcern{w=null, wTimeout=null ms, journal=null}, retryWrites=true, retryReads=true, readConcern=ReadConcern{level=null}, credential=MongoCredential{mechanism=null, userName='admin', source='admin', password=<hidden>, mechanismProperties=<hidden>}, transportSettings=null, commandListeners=[], codecRegistry=ProvidersCodecRegistry{codecProviders=[ValueCodecProvider{}, BsonValueCodecProvider{}, DBRefCodecProvider{}, DBObjectCodecProvider{}, DocumentCodecProvider{}, CollectionCodecProvider{}, IterableCodecProvider{}, MapCodecProvider{}, GeoJsonCodecProvider{}, GridFSFileCodecProvider{}, Jsr310CodecProvider{}, JsonObjectCodecProvider{}, BsonCodecProvider{}, EnumCodecProvider{}, com.mongodb.client.model.mql.ExpressionCodecProvider@662e682a, com.mongodb.Jep395RecordCodecProvider@2e43c38d, com.mongodb.KotlinCodecProvider@649f25f3]}, loggerSettings=LoggerSettings{maxDocumentLength=1000}, clusterSettings={hosts=[localhost:27017], srvServiceName=mongodb, mode=SINGLE, requiredClusterType=UNKNOWN, requiredReplicaSetName='null', serverSelector='null', clusterListeners='[]', serverSelectionTimeout='30000 ms', localThreshold='15 ms'}, socketSettings=SocketSettings{connectTimeoutMS=10000, readTimeoutMS=0, receiveBufferSize=0, proxySettings=ProxySettings{host=null, port=null, username=null, password=null}}, heartbeatSocketSettings=SocketSettings{connectTimeoutMS=10000, readTimeoutMS=10000, receiveBufferSize=0, proxySettings=ProxySettings{host=null, port=null, username=null, password=null}}, connectionPoolSettings=ConnectionPoolSettings{maxSize=100, minSize=0, maxWaitTimeMS=120000, maxConnectionLifeTimeMS=0, maxConnectionIdleTimeMS=0, maintenanceInitialDelayMS=0, maintenanceFrequencyMS=60000, connectionPoolListeners=[], maxConnecting=2}, serverSettings=ServerSettings{heartbeatFrequencyMS=10000, minHeartbeatFrequencyMS=500, serverMonitoringMode=AUTO, serverListeners='[]', serverMonitorListeners='[]'}, sslSettings=SslSettings{enabled=false, invalidHostNameAllowed=false, context=null}, applicationName='null', compressorList=[], uuidRepresentation=JAVA_LEGACY, serverApi=null, autoEncryptionSettings=null, dnsClient=null, inetAddressResolver=null, contextProvider=null, timeoutMS=null}
2025-05-08T23:18:39.878-03:00  INFO 23064 --- [QuodChallenge] [cluster-ClusterId{value='681d65ff6b29873e784e33eb', description='null'}-localhost:27017] org.mongodb.driver.cluster               : Monitor thread successfully connected to server with description ServerDescription{address=localhost:27017, type=STANDALONE, cryptd=false, state=CONNECTED, ok=true, minWireVersion=0, maxWireVersion=25, maxDocumentSize=16777216, logicalSessionTimeoutMinutes=30, roundTripTimeNanos=24051400, minRoundTripTimeNanos=0}
2025-05-08T23:18:40.185-03:00  WARN 23064 --- [QuodChallenge] [main] .s.s.UserDetailsServiceAutoConfiguration : 

Using generated security password: 645496b8-fae5-4fef-8e06-fbf4af041cc1

This generated password is for development use only. Your security configuration must be updated before running your application in production.

2025-05-08T23:18:40.214-03:00  INFO 23064 --- [QuodChallenge] [main] r$InitializeUserDetailsManagerConfigurer : Global AuthenticationManager configured with UserDetailsService bean with name inMemoryUserDetailsManager
2025-05-08T23:18:40.530-03:00  INFO 23064 --- [QuodChallenge] [main] o.s.b.w.embedded.tomcat.TomcatWebServer  : Tomcat started on port 8080 (http) with context path '/'
2025-05-08T23:18:40.536-03:00  INFO 23064 --- [QuodChallenge] [main] b.c.f.Q.QuodChallengeApplication         : Started QuodChallengeApplication in 2.213 seconds (process running for 2.454)
2025-05-08T23:18:45.725-03:00  INFO 23064 --- [QuodChallenge] [http-nio-8080-exec-1] o.a.c.c.C.[Tomcat].[localhost].[/]       : Initializing Spring DispatcherServlet 'dispatcherServlet'
2025-05-08T23:18:45.725-03:00  INFO 23064 --- [QuodChallenge] [http-nio-8080-exec-1] o.s.web.servlet.DispatcherServlet        : Initializing Servlet 'dispatcherServlet'
2025-05-08T23:18:45.726-03:00  INFO 23064 --- [QuodChallenge] [http-nio-8080-exec-1] o.s.web.servlet.DispatcherServlet        : Completed initialization in 1 ms
2025-05-08T23:20:55.329-03:00  WARN 23064 --- [QuodChallenge] [http-nio-8080-exec-1] .w.s.m.s.DefaultHandlerExceptionResolver : Resolved [org.springframework.web.HttpMediaTypeNotAcceptableException: No acceptable representation]
2025-05-08T23:21:16.410-03:00  WARN 23064 --- [QuodChallenge] [http-nio-8080-exec-2] .w.s.m.s.DefaultHandlerExceptionResolver : Resolved [org.springframework.web.HttpMediaTypeNotAcceptableException: No acceptable representation]
2025-05-08T23:21:23.874-03:00  WARN 23064 --- [QuodChallenge] [http-nio-8080-exec-3] .w.s.m.s.DefaultHandlerExceptionResolver : Resolved [org.springframework.web.HttpMediaTypeNotAcceptableException: No acceptable representation]
